2026-03-14 14:33:36.594 [info] Extension host with pid 8141 started
2026-03-14 14:33:36.651 [info] ExtensionService#_doActivateExtension vscode.github-authentication, startup: false, activationEvent: 'onAuthenticationRequest:github'
2026-03-14 14:33:36.677 [info] ExtensionService#_doActivateExtension vscode.emmet, startup: false, activationEvent: 'onLanguage'
2026-03-14 14:33:36.695 [info] ExtensionService#_doActivateExtension jnoortheen.nix-ide, startup: false, activationEvent: 'onLanguage:nix'
2026-03-14 14:33:36.852 [info] ExtensionService#_doActivateExtension vscode.git-base, startup: true, activationEvent: '*', root cause: vscode.git
2026-03-14 14:33:36.938 [info] ExtensionService#_doActivateExtension vscode.git, startup: true, activationEvent: '*'
2026-03-14 14:33:37.004 [info] ExtensionService#_doActivateExtension vscode.github, startup: true, activationEvent: '*'
2026-03-14 14:33:37.142 [info] Eager extensions activated
2026-03-14 14:33:37.196 [info] ExtensionService#_doActivateExtension vscode.debug-auto-launch, startup: false, activationEvent: 'onStartupFinished'
2026-03-14 14:33:37.198 [info] ExtensionService#_doActivateExtension vscode.merge-conflict, startup: false, activationEvent: 'onStartupFinished'
2026-03-14 14:33:37.213 [info] ExtensionService#_doActivateExtension alefragnani.project-manager, startup: false, activationEvent: 'onStartupFinished'
2026-03-14 14:33:37.225 [info] ExtensionService#_doActivateExtension ms-dotnettools.vscode-dotnet-runtime, startup: false, activationEvent: 'onStartupFinished'
2026-03-14 14:33:54.301 [info] Extension host terminating: renderer closed the MessagePort
2026-03-14 14:33:54.315 [error] TypeError: Cannot read properties of undefined (reading 'dispose')
	at B4 (/nix/store/36w1bsrdqjjbzw4zsvyj04yx3czfb87y-vscode-extension-jnoortheen-nix-ide-0.5.5/share/vscode/extensions/jnoortheen.nix-ide/dist/extension.js:44:46086)
	at Object.yO (/nix/store/36w1bsrdqjjbzw4zsvyj04yx3czfb87y-vscode-extension-jnoortheen-nix-ide-0.5.5/share/vscode/extensions/jnoortheen.nix-ide/dist/extension.js:44:49262)
	at pee.eb (file:///nix/store/axz721fxdbw4v2hp2ihd4v17ggvyz2xf-vscode-1.109.5/lib/vscode/resources/app/out/vs/workbench/api/node/extensionHostProcess.js:120:11880)
	at file:///nix/store/axz721fxdbw4v2hp2ihd4v17ggvyz2xf-vscode-1.109.5/lib/vscode/resources/app/out/vs/workbench/api/node/extensionHostProcess.js:120:10030
	at Array.map (<anonymous>)
	at pee.$ (file:///nix/store/axz721fxdbw4v2hp2ihd4v17ggvyz2xf-vscode-1.109.5/lib/vscode/resources/app/out/vs/workbench/api/node/extensionHostProcess.js:120:10018)
	at pee.terminate (file:///nix/store/axz721fxdbw4v2hp2ihd4v17ggvyz2xf-vscode-1.109.5/lib/vscode/resources/app/out/vs/workbench/api/node/extensionHostProcess.js:120:10261)
	at nR.terminate (file:///nix/store/axz721fxdbw4v2hp2ihd4v17ggvyz2xf-vscode-1.109.5/lib/vscode/resources/app/out/vs/workbench/api/node/extensionHostProcess.js:122:914)
	at zr (file:///nix/store/axz721fxdbw4v2hp2ihd4v17ggvyz2xf-vscode-1.109.5/lib/vscode/resources/app/out/vs/workbench/api/node/extensionHostProcess.js:405:11144)
	at MessagePortMain.<anonymous> (file:///nix/store/axz721fxdbw4v2hp2ihd4v17ggvyz2xf-vscode-1.109.5/lib/vscode/resources/app/out/vs/workbench/api/node/extensionHostProcess.js:405:7611)
	at MessagePortMain.emit (node:events:519:28)
	at MessagePortMain._internalPort.emit (node:electron/js2c/utility_init:2:2959)
2026-03-14 14:33:54.316 [info] Extension host with pid 8141 exiting with code 0
