2026-03-16 00:50:51.682 [info] [main] Log level: Info
2026-03-16 00:50:51.682 [info] [main] Validating found git in: "git"
2026-03-16 00:50:51.682 [info] [main] Using git "2.53.0" from "git"
2026-03-16 00:50:51.682 [info] [Model][doInitialScan] Initial repository scan started
2026-03-16 00:50:51.682 [info] > git rev-parse --show-toplevel [16ms]
2026-03-16 00:50:51.682 [info] fatal: not a git repository (or any of the parent directories): .git
2026-03-16 00:50:51.682 [info] > git rev-parse --show-toplevel [35ms]
2026-03-16 00:50:51.682 [info] fatal: not a git repository (or any of the parent directories): .git
2026-03-16 00:50:51.682 [info] > git rev-parse --show-toplevel [204ms]
2026-03-16 00:50:51.682 [info] fatal: not a git repository (or any of the parent directories): .git
2026-03-16 00:50:51.685 [info] > git rev-parse --show-toplevel [386ms]
2026-03-16 00:50:51.685 [info] fatal: not a git repository (or any of the parent directories): .git
2026-03-16 00:50:51.689 [info] [Model][doInitialScan] Initial repository scan completed - repositories (0), closed repositories (0), parent repositories (0), unsafe repositories (0)
2026-03-16 00:50:51.958 [info] > git rev-parse --show-toplevel [49ms]
2026-03-16 00:50:51.959 [info] fatal: not a git repository (or any of the parent directories): .git
2026-03-16 00:50:53.572 [info] > git rev-parse --show-toplevel [56ms]
2026-03-16 00:50:53.572 [info] fatal: not a git repository (or any of the parent directories): .git
2026-03-16 00:50:54.190 [info] > git rev-parse --show-toplevel [33ms]
2026-03-16 00:50:54.190 [info] fatal: not a git repository (or any of the parent directories): .git
2026-03-16 00:50:54.476 [info] > git rev-parse --show-toplevel [60ms]
2026-03-16 00:50:54.477 [info] fatal: not a git repository (or any of the parent directories): .git
2026-03-16 01:20:53.071 [info] > git rev-parse --show-toplevel [42ms]
2026-03-16 01:20:53.071 [info] fatal: not a git repository (or any of the parent directories): .git
