2026-03-14 14:27:40.113 [info] Extension host with pid 3634 started
2026-03-14 14:27:40.177 [info] ExtensionService#_doActivateExtension vscode.github-authentication, startup: false, activationEvent: 'onAuthenticationRequest:github'
2026-03-14 14:27:40.201 [info] ExtensionService#_doActivateExtension vscode.emmet, startup: false, activationEvent: 'onLanguage'
2026-03-14 14:27:40.275 [info] ExtensionService#_doActivateExtension vscode.git-base, startup: true, activationEvent: '*', root cause: vscode.git
2026-03-14 14:27:40.280 [info] ExtensionService#_doActivateExtension vscode.git, startup: true, activationEvent: '*'
2026-03-14 14:27:40.328 [info] ExtensionService#_doActivateExtension vscode.github, startup: true, activationEvent: '*'
2026-03-14 14:27:40.450 [info] Eager extensions activated
2026-03-14 14:27:40.452 [info] ExtensionService#_doActivateExtension vscode.debug-auto-launch, startup: false, activationEvent: 'onStartupFinished'
2026-03-14 14:27:40.455 [info] ExtensionService#_doActivateExtension vscode.merge-conflict, startup: false, activationEvent: 'onStartupFinished'
2026-03-14 14:27:40.471 [info] ExtensionService#_doActivateExtension alefragnani.project-manager, startup: false, activationEvent: 'onStartupFinished'
2026-03-14 14:27:40.482 [info] ExtensionService#_doActivateExtension ms-dotnettools.vscode-dotnet-runtime, startup: false, activationEvent: 'onStartupFinished'
2026-03-14 14:27:41.665 [info] Extension host terminating: renderer closed the MessagePort
2026-03-14 14:27:41.715 [error] ProxyResolver#resolveProxy undefined Canceled: Canceled
	at new rU (file:///nix/store/axz721fxdbw4v2hp2ihd4v17ggvyz2xf-vscode-1.109.5/lib/vscode/resources/app/out/vs/workbench/api/node/extensionHostProcess.js:29:120928)
	at LE.U (file:///nix/store/axz721fxdbw4v2hp2ihd4v17ggvyz2xf-vscode-1.109.5/lib/vscode/resources/app/out/vs/workbench/api/node/extensionHostProcess.js:29:125538)
	at r.<computed>.n.charCodeAt.r.<computed> (file:///nix/store/axz721fxdbw4v2hp2ihd4v17ggvyz2xf-vscode-1.109.5/lib/vscode/resources/app/out/vs/workbench/api/node/extensionHostProcess.js:29:123032)
	at lA.resolveProxy (file:///nix/store/axz721fxdbw4v2hp2ihd4v17ggvyz2xf-vscode-1.109.5/lib/vscode/resources/app/out/vs/workbench/api/node/extensionHostProcess.js:113:79520)
	at Object.resolveProxy (file:///nix/store/axz721fxdbw4v2hp2ihd4v17ggvyz2xf-vscode-1.109.5/lib/vscode/resources/app/out/vs/workbench/api/node/extensionHostProcess.js:215:23831)
	at useProxySettings (/nix/store/axz721fxdbw4v2hp2ihd4v17ggvyz2xf-vscode-1.109.5/lib/vscode/resources/app/node_modules/@vscode/proxy-agent/out/index.js:208:16)
	at /nix/store/axz721fxdbw4v2hp2ihd4v17ggvyz2xf-vscode-1.109.5/lib/vscode/resources/app/node_modules/@vscode/proxy-agent/out/index.js:145:13
	at /nix/store/axz721fxdbw4v2hp2ihd4v17ggvyz2xf-vscode-1.109.5/lib/vscode/resources/app/node_modules/@vscode/proxy-agent/out/index.js:791:13 
2026-03-14 14:27:41.715 [info] Extension host with pid 3634 exiting with code 0
