2026-03-14 14:32:25.328 [info] Reading sessions from keychain...
2026-03-14 14:32:25.328 [info] Getting sessions for all scopes...
2026-03-14 14:32:25.341 [info] Got 0 sessions for ...
2026-03-14 14:32:25.342 [info] Getting sessions for all scopes...
2026-03-14 14:32:25.342 [info] Got 0 sessions for ...
2026-03-14 14:32:25.342 [info] Getting sessions for all scopes...
2026-03-14 14:32:25.342 [info] Got 0 sessions for ...
2026-03-14 14:32:25.345 [info] Getting sessions for all scopes...
2026-03-14 14:32:25.345 [info] Got 0 sessions for ...
2026-03-14 14:32:25.444 [info] Getting sessions for all scopes...
2026-03-14 14:32:25.444 [info] Got 0 sessions for ...
2026-03-14 14:32:25.862 [info] Getting sessions for read:user,repo,user:email,workflow...
2026-03-14 14:32:25.862 [info] Got 0 sessions for read:user,repo,user:email,workflow...
2026-03-14 14:32:26.891 [info] Getting sessions for all scopes...
2026-03-14 14:32:26.891 [info] Got 0 sessions for ...
2026-03-14 14:32:38.194 [info] Reading sessions from keychain...
2026-03-14 14:32:38.194 [info] Getting sessions for all scopes...
2026-03-14 14:32:38.194 [info] Got 0 sessions for ...
2026-03-14 14:32:38.194 [info] Getting sessions for all scopes...
2026-03-14 14:32:38.194 [info] Got 0 sessions for ...
2026-03-14 14:32:38.194 [info] Getting sessions for all scopes...
2026-03-14 14:32:38.194 [info] Got 0 sessions for ...
2026-03-14 14:32:38.194 [info] Getting sessions for all scopes...
2026-03-14 14:32:38.194 [info] Got 0 sessions for ...
2026-03-14 14:32:38.194 [info] Getting sessions for all scopes...
2026-03-14 14:32:38.194 [info] Got 0 sessions for ...
2026-03-14 14:32:39.832 [info] Getting sessions for all scopes...
2026-03-14 14:32:39.832 [info] Got 0 sessions for ...
