2026-03-14 16:05:32.530 [info] Extension host with pid 24625 started
2026-03-14 16:05:32.530 [info] Skipping acquiring lock for /home/marcelb/.config/Code/User/workspaceStorage/9bbc656ae26fb83cceee3dfc9c5a6e83.
2026-03-14 16:05:32.726 [info] ExtensionService#_doActivateExtension vscode.github-authentication, startup: false, activationEvent: 'onAuthenticationRequest:github'
2026-03-14 16:05:32.758 [info] ExtensionService#_doActivateExtension vscode.emmet, startup: false, activationEvent: 'onLanguage'
2026-03-14 16:05:32.779 [info] ExtensionService#_doActivateExtension ms-vscode.cpptools, startup: false, activationEvent: 'onLanguage:cpp'
2026-03-14 16:05:33.451 [info] ExtensionService#_doActivateExtension vscode.terminal-suggest, startup: false, activationEvent: 'onTerminalShellIntegration:*'
2026-03-14 16:05:33.524 [info] ExtensionService#_doActivateExtension vscode.git-base, startup: true, activationEvent: '*', root cause: vscode.git
2026-03-14 16:05:33.543 [info] ExtensionService#_doActivateExtension vscode.git, startup: true, activationEvent: '*'
2026-03-14 16:05:33.591 [info] ExtensionService#_doActivateExtension vscode.github, startup: true, activationEvent: '*'
2026-03-14 16:05:33.842 [info] Eager extensions activated
2026-03-14 16:05:33.863 [info] ExtensionService#_doActivateExtension vscode.debug-auto-launch, startup: false, activationEvent: 'onStartupFinished'
2026-03-14 16:05:33.866 [info] ExtensionService#_doActivateExtension vscode.merge-conflict, startup: false, activationEvent: 'onStartupFinished'
2026-03-14 16:05:33.885 [info] ExtensionService#_doActivateExtension alefragnani.project-manager, startup: false, activationEvent: 'onStartupFinished'
2026-03-14 16:05:33.898 [info] ExtensionService#_doActivateExtension ms-dotnettools.vscode-dotnet-runtime, startup: false, activationEvent: 'onStartupFinished'
2026-03-14 16:05:57.429 [info] ExtensionService#_doActivateExtension vscode.configuration-editing, startup: false, activationEvent: 'onLanguage:jsonc'
2026-03-14 16:05:57.438 [info] ExtensionService#_doActivateExtension vscode.json-language-features, startup: false, activationEvent: 'onLanguage:jsonc'
2026-03-14 16:05:57.486 [info] ExtensionService#_doActivateExtension vscode.typescript-language-features, startup: false, activationEvent: 'onLanguage:jsonc'
2026-03-14 16:06:09.142 [info] ExtensionService#_doActivateExtension vscode.debug-server-ready, startup: false, activationEvent: 'onDebugResolve'
2026-03-14 18:14:11.252 [info] ExtensionService#_doActivateExtension vscode.npm, startup: false, activationEvent: 'onTerminalQuickFixRequest:ms-vscode.npm-command'
2026-03-14 19:30:37.585 [info] Extension host terminating: renderer closed the MessagePort
2026-03-14 19:30:37.746 [error] Error: Channel has been closed
	at n (file:///nix/store/axz721fxdbw4v2hp2ihd4v17ggvyz2xf-vscode-1.109.5/lib/vscode/resources/app/out/vs/workbench/api/node/extensionHostProcess.js:123:3001)
	at Object.info (file:///nix/store/axz721fxdbw4v2hp2ihd4v17ggvyz2xf-vscode-1.109.5/lib/vscode/resources/app/out/vs/workbench/api/node/extensionHostProcess.js:123:3346)
	at T.info (/nix/store/axz721fxdbw4v2hp2ihd4v17ggvyz2xf-vscode-1.109.5/lib/vscode/resources/app/extensions/json-language-features/client/dist/node/jsonClientMain.js:2:45267)
	at ChildProcess.<anonymous> (/nix/store/axz721fxdbw4v2hp2ihd4v17ggvyz2xf-vscode-1.109.5/lib/vscode/resources/app/extensions/json-language-features/client/dist/node/jsonClientMain.js:2:606637)
	at ChildProcess.emit (node:events:519:28)
	at ChildProcess._handle.onexit (node:internal/child_process:293:12)
2026-03-14 19:30:37.874 [info] Extension host with pid 24625 exiting with code 0
