2026-03-14 14:34:40.039 [info] Reading sessions from keychain...
2026-03-14 14:34:40.039 [info] Getting sessions for all scopes...
2026-03-14 14:34:40.039 [info] Got 0 sessions for ...
2026-03-14 14:34:40.039 [info] Getting sessions for all scopes...
2026-03-14 14:34:40.039 [info] Got 0 sessions for ...
2026-03-14 14:34:40.039 [info] Getting sessions for all scopes...
2026-03-14 14:34:40.039 [info] Got 0 sessions for ...
2026-03-14 14:34:40.039 [info] Getting sessions for all scopes...
2026-03-14 14:34:40.039 [info] Got 0 sessions for ...
2026-03-14 14:34:40.039 [info] Getting sessions for all scopes...
2026-03-14 14:34:40.039 [info] Got 0 sessions for ...
2026-03-14 14:34:40.529 [info] Getting sessions for read:user,repo,user:email,workflow...
2026-03-14 14:34:40.529 [info] Got 0 sessions for read:user,repo,user:email,workflow...
2026-03-14 14:34:41.605 [info] Getting sessions for all scopes...
2026-03-14 14:34:41.605 [info] Got 0 sessions for ...
2026-03-14 14:34:50.753 [info] Reading sessions from keychain...
2026-03-14 14:34:50.753 [info] Getting sessions for all scopes...
2026-03-14 14:34:50.753 [info] Got 0 sessions for ...
2026-03-14 14:34:50.753 [info] Getting sessions for all scopes...
2026-03-14 14:34:50.753 [info] Got 0 sessions for ...
2026-03-14 14:34:50.753 [info] Getting sessions for all scopes...
2026-03-14 14:34:50.753 [info] Got 0 sessions for ...
2026-03-14 14:34:50.815 [info] Getting sessions for all scopes...
2026-03-14 14:34:50.815 [info] Got 0 sessions for ...
2026-03-14 14:34:50.816 [info] Getting sessions for all scopes...
2026-03-14 14:34:50.816 [info] Got 0 sessions for ...
2026-03-14 14:34:52.528 [info] Getting sessions for all scopes...
2026-03-14 14:34:52.528 [info] Got 0 sessions for ...
