2026-03-14 14:24:17.799 [info] Getting Manifest... ms-vscode.cpptools-extension-pack
2026-03-14 14:24:18.189 [info] Installing extension: ms-vscode.cpptools-extension-pack {"isMachineScoped":false,"profileLocation":{"$mid":1,"external":"vscode-userdata:/nix/store/03k95c7sskvb0awp4a0s5imdp55wcmxv-vscode-extensions/share/vscode/extensions/extensions.json","path":"/nix/store/03k95c7sskvb0awp4a0s5imdp55wcmxv-vscode-extensions/share/vscode/extensions/extensions.json","scheme":"vscode-userdata"},"isApplicationScoped":false,"productVersion":{"version":"1.109.5","date":"2026-02-19T19:43:32.382Z"}}
2026-03-14 14:24:18.899 [info] Getting Manifest... ms-vscode.cpp-devtools
2026-03-14 14:24:18.926 [info] Getting Manifest... ms-vscode.cpptools-themes
2026-03-14 14:24:18.945 [info] Getting Manifest... ms-vscode.cmake-tools
2026-03-14 14:24:18.970 [info] Getting Manifest... ms-vscode.cpptools
2026-03-14 14:24:18.996 [info] Installing extension: ms-vscode.cpp-devtools {"isMachineScoped":false,"profileLocation":{"$mid":1,"external":"vscode-userdata:/nix/store/03k95c7sskvb0awp4a0s5imdp55wcmxv-vscode-extensions/share/vscode/extensions/extensions.json","path":"/nix/store/03k95c7sskvb0awp4a0s5imdp55wcmxv-vscode-extensions/share/vscode/extensions/extensions.json","scheme":"vscode-userdata"},"isApplicationScoped":false,"productVersion":{"version":"1.109.5","date":"2026-02-19T19:43:32.382Z"},"pinned":false,"installGivenVersion":false,"context":{"dependecyOrPackExtensionInstall":true}}
2026-03-14 14:24:18.997 [info] Installing extension: ms-vscode.cpptools-themes {"isMachineScoped":false,"profileLocation":{"$mid":1,"external":"vscode-userdata:/nix/store/03k95c7sskvb0awp4a0s5imdp55wcmxv-vscode-extensions/share/vscode/extensions/extensions.json","path":"/nix/store/03k95c7sskvb0awp4a0s5imdp55wcmxv-vscode-extensions/share/vscode/extensions/extensions.json","scheme":"vscode-userdata"},"isApplicationScoped":false,"productVersion":{"version":"1.109.5","date":"2026-02-19T19:43:32.382Z"},"pinned":false,"installGivenVersion":false,"context":{"dependecyOrPackExtensionInstall":true}}
2026-03-14 14:24:20.350 [info] Extension signature verification result for ms-vscode.cpptools-extension-pack: Success. Internal Code: 0. Executed: true. Duration: 978ms.
2026-03-14 14:24:20.358 [error] Error while installing the extension ms-vscode.cpptools-extension-pack ENOENT: no such file or directory, mkdir '/nix/store/03k95c7sskvb0awp4a0s5imdp55wcmxv-vscode-extensions/share/vscode/extensions/.40e4835d-c706-4e90-8a9d-a47fb955d197' vscode-userdata:/nix/store/03k95c7sskvb0awp4a0s5imdp55wcmxv-vscode-extensions/share/vscode/extensions/extensions.json
2026-03-14 14:24:20.359 [error] [uncaught exception in sharedProcess]: ENOENT: no such file or directory, mkdir '/nix/store/03k95c7sskvb0awp4a0s5imdp55wcmxv-vscode-extensions/share/vscode/extensions/.40e4835d-c706-4e90-8a9d-a47fb955d197': Error: ENOENT: no such file or directory, mkdir '/nix/store/03k95c7sskvb0awp4a0s5imdp55wcmxv-vscode-extensions/share/vscode/extensions/.40e4835d-c706-4e90-8a9d-a47fb955d197'
    at async Object.mkdir (node:internal/original-fs/promises:861:10)
2026-03-14 14:24:20.377 [info] Extension signature verification result for ms-vscode.cpptools-themes: Success. Internal Code: 0. Executed: true. Duration: 987ms.
2026-03-14 14:24:20.383 [error] Error while installing the extension ms-vscode.cpptools-themes ENOENT: no such file or directory, mkdir '/nix/store/03k95c7sskvb0awp4a0s5imdp55wcmxv-vscode-extensions/share/vscode/extensions/.dd412ba7-8c02-4166-9064-83cb1fd45838' vscode-userdata:/nix/store/03k95c7sskvb0awp4a0s5imdp55wcmxv-vscode-extensions/share/vscode/extensions/extensions.json
2026-03-14 14:24:20.383 [error] [uncaught exception in sharedProcess]: ENOENT: no such file or directory, mkdir '/nix/store/03k95c7sskvb0awp4a0s5imdp55wcmxv-vscode-extensions/share/vscode/extensions/.dd412ba7-8c02-4166-9064-83cb1fd45838': Error: ENOENT: no such file or directory, mkdir '/nix/store/03k95c7sskvb0awp4a0s5imdp55wcmxv-vscode-extensions/share/vscode/extensions/.dd412ba7-8c02-4166-9064-83cb1fd45838'
    at async Object.mkdir (node:internal/original-fs/promises:861:10)
2026-03-14 14:24:20.384 [info] Extension signature verification result for ms-vscode.cpp-devtools: Success. Internal Code: 0. Executed: true. Duration: 1000ms.
2026-03-14 14:24:20.392 [error] Error while installing the extension ms-vscode.cpp-devtools ENOENT: no such file or directory, mkdir '/nix/store/03k95c7sskvb0awp4a0s5imdp55wcmxv-vscode-extensions/share/vscode/extensions/.efab303c-f075-4a37-b552-99df6bff5c83' vscode-userdata:/nix/store/03k95c7sskvb0awp4a0s5imdp55wcmxv-vscode-extensions/share/vscode/extensions/extensions.json
2026-03-14 14:24:20.392 [error] [uncaught exception in sharedProcess]: ENOENT: no such file or directory, mkdir '/nix/store/03k95c7sskvb0awp4a0s5imdp55wcmxv-vscode-extensions/share/vscode/extensions/.efab303c-f075-4a37-b552-99df6bff5c83': Error: ENOENT: no such file or directory, mkdir '/nix/store/03k95c7sskvb0awp4a0s5imdp55wcmxv-vscode-extensions/share/vscode/extensions/.efab303c-f075-4a37-b552-99df6bff5c83'
    at async Object.mkdir (node:internal/original-fs/promises:861:10)
2026-03-14 14:24:23.484 [info] Getting Manifest... ms-vscode.cpptools-extension-pack
2026-03-14 14:24:23.510 [info] Installing extension: ms-vscode.cpptools-extension-pack {"isMachineScoped":false,"installPreReleaseVersion":false,"pinned":false,"profileLocation":{"$mid":1,"external":"vscode-userdata:/nix/store/03k95c7sskvb0awp4a0s5imdp55wcmxv-vscode-extensions/share/vscode/extensions/extensions.json","path":"/nix/store/03k95c7sskvb0awp4a0s5imdp55wcmxv-vscode-extensions/share/vscode/extensions/extensions.json","scheme":"vscode-userdata"},"isApplicationScoped":false,"productVersion":{"version":"1.109.5","date":"2026-02-19T19:43:32.382Z"}}
2026-03-14 14:24:23.780 [info] Getting Manifest... ms-vscode.cpp-devtools
2026-03-14 14:24:23.798 [info] Getting Manifest... ms-vscode.cpptools-themes
2026-03-14 14:24:23.816 [info] Getting Manifest... ms-vscode.cmake-tools
2026-03-14 14:24:23.845 [info] Getting Manifest... ms-vscode.cpptools
2026-03-14 14:24:23.872 [info] Installing extension: ms-vscode.cpp-devtools {"isMachineScoped":false,"installPreReleaseVersion":false,"pinned":false,"profileLocation":{"$mid":1,"external":"vscode-userdata:/nix/store/03k95c7sskvb0awp4a0s5imdp55wcmxv-vscode-extensions/share/vscode/extensions/extensions.json","path":"/nix/store/03k95c7sskvb0awp4a0s5imdp55wcmxv-vscode-extensions/share/vscode/extensions/extensions.json","scheme":"vscode-userdata"},"isApplicationScoped":false,"productVersion":{"version":"1.109.5","date":"2026-02-19T19:43:32.382Z"},"installGivenVersion":false,"context":{"dependecyOrPackExtensionInstall":true}}
2026-03-14 14:24:23.872 [info] Installing extension: ms-vscode.cpptools-themes {"isMachineScoped":false,"installPreReleaseVersion":false,"pinned":false,"profileLocation":{"$mid":1,"external":"vscode-userdata:/nix/store/03k95c7sskvb0awp4a0s5imdp55wcmxv-vscode-extensions/share/vscode/extensions/extensions.json","path":"/nix/store/03k95c7sskvb0awp4a0s5imdp55wcmxv-vscode-extensions/share/vscode/extensions/extensions.json","scheme":"vscode-userdata"},"isApplicationScoped":false,"productVersion":{"version":"1.109.5","date":"2026-02-19T19:43:32.382Z"},"installGivenVersion":false,"context":{"dependecyOrPackExtensionInstall":true}}
2026-03-14 14:24:24.731 [info] Extension signature verification result for ms-vscode.cpptools-extension-pack: Success. Internal Code: 0. Executed: true. Duration: 574ms.
2026-03-14 14:24:24.737 [error] Error while installing the extension ms-vscode.cpptools-extension-pack ENOENT: no such file or directory, mkdir '/nix/store/03k95c7sskvb0awp4a0s5imdp55wcmxv-vscode-extensions/share/vscode/extensions/.b5416d61-7758-4ce8-9e35-276eac4cc7a0' vscode-userdata:/nix/store/03k95c7sskvb0awp4a0s5imdp55wcmxv-vscode-extensions/share/vscode/extensions/extensions.json
2026-03-14 14:24:24.737 [error] [uncaught exception in sharedProcess]: ENOENT: no such file or directory, mkdir '/nix/store/03k95c7sskvb0awp4a0s5imdp55wcmxv-vscode-extensions/share/vscode/extensions/.b5416d61-7758-4ce8-9e35-276eac4cc7a0': Error: ENOENT: no such file or directory, mkdir '/nix/store/03k95c7sskvb0awp4a0s5imdp55wcmxv-vscode-extensions/share/vscode/extensions/.b5416d61-7758-4ce8-9e35-276eac4cc7a0'
    at async Object.mkdir (node:internal/original-fs/promises:861:10)
2026-03-14 14:24:24.744 [info] Extension signature verification result for ms-vscode.cpptools-themes: Success. Internal Code: 0. Executed: true. Duration: 575ms.
2026-03-14 14:24:24.749 [error] Error while installing the extension ms-vscode.cpptools-themes ENOENT: no such file or directory, mkdir '/nix/store/03k95c7sskvb0awp4a0s5imdp55wcmxv-vscode-extensions/share/vscode/extensions/.e6787f79-5ba3-43a0-b717-ed0af1b286ec' vscode-userdata:/nix/store/03k95c7sskvb0awp4a0s5imdp55wcmxv-vscode-extensions/share/vscode/extensions/extensions.json
2026-03-14 14:24:24.749 [error] [uncaught exception in sharedProcess]: ENOENT: no such file or directory, mkdir '/nix/store/03k95c7sskvb0awp4a0s5imdp55wcmxv-vscode-extensions/share/vscode/extensions/.e6787f79-5ba3-43a0-b717-ed0af1b286ec': Error: ENOENT: no such file or directory, mkdir '/nix/store/03k95c7sskvb0awp4a0s5imdp55wcmxv-vscode-extensions/share/vscode/extensions/.e6787f79-5ba3-43a0-b717-ed0af1b286ec'
    at async Object.mkdir (node:internal/original-fs/promises:861:10)
2026-03-14 14:24:24.770 [info] Extension signature verification result for ms-vscode.cpp-devtools: Success. Internal Code: 0. Executed: true. Duration: 583ms.
2026-03-14 14:24:24.777 [error] Error while installing the extension ms-vscode.cpp-devtools ENOENT: no such file or directory, mkdir '/nix/store/03k95c7sskvb0awp4a0s5imdp55wcmxv-vscode-extensions/share/vscode/extensions/.4ccc6c74-2b46-40ef-bd13-bc473251159f' vscode-userdata:/nix/store/03k95c7sskvb0awp4a0s5imdp55wcmxv-vscode-extensions/share/vscode/extensions/extensions.json
2026-03-14 14:24:24.778 [error] [uncaught exception in sharedProcess]: ENOENT: no such file or directory, mkdir '/nix/store/03k95c7sskvb0awp4a0s5imdp55wcmxv-vscode-extensions/share/vscode/extensions/.4ccc6c74-2b46-40ef-bd13-bc473251159f': Error: ENOENT: no such file or directory, mkdir '/nix/store/03k95c7sskvb0awp4a0s5imdp55wcmxv-vscode-extensions/share/vscode/extensions/.4ccc6c74-2b46-40ef-bd13-bc473251159f'
    at async Object.mkdir (node:internal/original-fs/promises:861:10)
