2026-03-14 14:34:39.664 [info] Extension host with pid 15425 started
2026-03-14 14:34:39.852 [info] ExtensionService#_doActivateExtension vscode.github-authentication, startup: false, activationEvent: 'onAuthenticationRequest:github'
2026-03-14 14:34:39.879 [info] ExtensionService#_doActivateExtension vscode.emmet, startup: false, activationEvent: 'onLanguage'
2026-03-14 14:34:39.895 [info] ExtensionService#_doActivateExtension jnoortheen.nix-ide, startup: false, activationEvent: 'onLanguage:nix'
2026-03-14 14:34:40.072 [info] ExtensionService#_doActivateExtension vscode.git-base, startup: true, activationEvent: '*', root cause: vscode.git
2026-03-14 14:34:40.078 [info] ExtensionService#_doActivateExtension vscode.git, startup: true, activationEvent: '*'
2026-03-14 14:34:40.124 [info] ExtensionService#_doActivateExtension vscode.github, startup: true, activationEvent: '*'
2026-03-14 14:34:40.257 [info] Eager extensions activated
2026-03-14 14:34:40.282 [info] ExtensionService#_doActivateExtension vscode.debug-auto-launch, startup: false, activationEvent: 'onStartupFinished'
2026-03-14 14:34:40.283 [info] ExtensionService#_doActivateExtension vscode.merge-conflict, startup: false, activationEvent: 'onStartupFinished'
2026-03-14 14:34:40.300 [info] ExtensionService#_doActivateExtension alefragnani.project-manager, startup: false, activationEvent: 'onStartupFinished'
2026-03-14 14:34:40.312 [info] ExtensionService#_doActivateExtension ms-dotnettools.vscode-dotnet-runtime, startup: false, activationEvent: 'onStartupFinished'
2026-03-14 14:34:49.313 [info] Extension host terminating: renderer closed the MessagePort
2026-03-14 14:34:49.329 [error] TypeError: Cannot read properties of undefined (reading 'dispose')
	at B4 (/nix/store/36w1bsrdqjjbzw4zsvyj04yx3czfb87y-vscode-extension-jnoortheen-nix-ide-0.5.5/share/vscode/extensions/jnoortheen.nix-ide/dist/extension.js:44:46086)
	at Object.yO (/nix/store/36w1bsrdqjjbzw4zsvyj04yx3czfb87y-vscode-extension-jnoortheen-nix-ide-0.5.5/share/vscode/extensions/jnoortheen.nix-ide/dist/extension.js:44:49262)
	at pee.eb (file:///nix/store/axz721fxdbw4v2hp2ihd4v17ggvyz2xf-vscode-1.109.5/lib/vscode/resources/app/out/vs/workbench/api/node/extensionHostProcess.js:120:11880)
	at file:///nix/store/axz721fxdbw4v2hp2ihd4v17ggvyz2xf-vscode-1.109.5/lib/vscode/resources/app/out/vs/workbench/api/node/extensionHostProcess.js:120:10030
	at Array.map (<anonymous>)
	at pee.$ (file:///nix/store/axz721fxdbw4v2hp2ihd4v17ggvyz2xf-vscode-1.109.5/lib/vscode/resources/app/out/vs/workbench/api/node/extensionHostProcess.js:120:10018)
	at pee.terminate (file:///nix/store/axz721fxdbw4v2hp2ihd4v17ggvyz2xf-vscode-1.109.5/lib/vscode/resources/app/out/vs/workbench/api/node/extensionHostProcess.js:120:10261)
	at nR.terminate (file:///nix/store/axz721fxdbw4v2hp2ihd4v17ggvyz2xf-vscode-1.109.5/lib/vscode/resources/app/out/vs/workbench/api/node/extensionHostProcess.js:122:914)
	at zr (file:///nix/store/axz721fxdbw4v2hp2ihd4v17ggvyz2xf-vscode-1.109.5/lib/vscode/resources/app/out/vs/workbench/api/node/extensionHostProcess.js:405:11144)
	at MessagePortMain.<anonymous> (file:///nix/store/axz721fxdbw4v2hp2ihd4v17ggvyz2xf-vscode-1.109.5/lib/vscode/resources/app/out/vs/workbench/api/node/extensionHostProcess.js:405:7611)
	at MessagePortMain.emit (node:events:519:28)
	at MessagePortMain._internalPort.emit (node:electron/js2c/utility_init:2:2959)
2026-03-14 14:34:49.329 [info] Extension host with pid 15425 exiting with code 0
2026-03-14 14:34:50.436 [info] Extension host with pid 15546 started
2026-03-14 14:34:50.437 [info] Skipping acquiring lock for /home/marcelb/.config/Code/User/workspaceStorage/9bbc656ae26fb83cceee3dfc9c5a6e83.
2026-03-14 14:34:50.521 [info] ExtensionService#_doActivateExtension vscode.github-authentication, startup: false, activationEvent: 'onAuthenticationRequest:github'
2026-03-14 14:34:50.545 [info] ExtensionService#_doActivateExtension vscode.emmet, startup: false, activationEvent: 'onLanguage'
2026-03-14 14:34:50.562 [info] ExtensionService#_doActivateExtension ms-vscode.cpptools, startup: false, activationEvent: 'onLanguage:cpp'
2026-03-14 14:34:51.054 [info] ExtensionService#_doActivateExtension vscode.git-base, startup: true, activationEvent: '*', root cause: vscode.git
2026-03-14 14:34:51.083 [info] ExtensionService#_doActivateExtension vscode.git, startup: true, activationEvent: '*'
2026-03-14 14:34:51.132 [info] ExtensionService#_doActivateExtension vscode.github, startup: true, activationEvent: '*'
2026-03-14 14:34:51.317 [info] Eager extensions activated
2026-03-14 14:34:51.320 [info] ExtensionService#_doActivateExtension vscode.debug-auto-launch, startup: false, activationEvent: 'onStartupFinished'
2026-03-14 14:34:51.322 [info] ExtensionService#_doActivateExtension vscode.merge-conflict, startup: false, activationEvent: 'onStartupFinished'
2026-03-14 14:34:51.339 [info] ExtensionService#_doActivateExtension alefragnani.project-manager, startup: false, activationEvent: 'onStartupFinished'
2026-03-14 14:34:51.350 [info] ExtensionService#_doActivateExtension ms-dotnettools.vscode-dotnet-runtime, startup: false, activationEvent: 'onStartupFinished'
2026-03-14 14:35:11.670 [info] ExtensionService#_doActivateExtension vscode.configuration-editing, startup: false, activationEvent: 'onLanguage:jsonc'
2026-03-14 14:35:11.678 [info] ExtensionService#_doActivateExtension vscode.json-language-features, startup: false, activationEvent: 'onLanguage:jsonc'
2026-03-14 14:35:11.726 [info] ExtensionService#_doActivateExtension vscode.typescript-language-features, startup: false, activationEvent: 'onLanguage:jsonc'
2026-03-14 14:35:43.209 [info] ExtensionService#_doActivateExtension vscode.debug-server-ready, startup: false, activationEvent: 'onDebugResolve'
2026-03-14 14:35:43.221 [info] ExtensionService#_doActivateExtension vscode.grunt, startup: false, activationEvent: 'onTaskType:grunt'
2026-03-14 14:35:43.223 [info] ExtensionService#_doActivateExtension vscode.gulp, startup: false, activationEvent: 'onTaskType:gulp'
2026-03-14 14:35:43.226 [info] ExtensionService#_doActivateExtension vscode.jake, startup: false, activationEvent: 'onTaskType:jake'
2026-03-14 14:35:43.228 [info] ExtensionService#_doActivateExtension vscode.npm, startup: false, activationEvent: 'onTaskType:npm'
2026-03-14 14:35:43.250 [info] ExtensionService#_doActivateExtension ms-vscode.cmake-tools, startup: false, activationEvent: 'onTaskType:cmake'
2026-03-14 14:35:44.491 [info] ExtensionService#_doActivateExtension vscode.terminal-suggest, startup: false, activationEvent: 'onTerminalShellIntegration:*'
2026-03-14 16:05:27.391 [info] Extension host terminating: renderer closed the MessagePort
2026-03-14 16:05:27.471 [error] Error: Channel has been closed
	at n (file:///nix/store/axz721fxdbw4v2hp2ihd4v17ggvyz2xf-vscode-1.109.5/lib/vscode/resources/app/out/vs/workbench/api/node/extensionHostProcess.js:123:3001)
	at Object.info (file:///nix/store/axz721fxdbw4v2hp2ihd4v17ggvyz2xf-vscode-1.109.5/lib/vscode/resources/app/out/vs/workbench/api/node/extensionHostProcess.js:123:3346)
	at T.info (/nix/store/axz721fxdbw4v2hp2ihd4v17ggvyz2xf-vscode-1.109.5/lib/vscode/resources/app/extensions/json-language-features/client/dist/node/jsonClientMain.js:2:45267)
	at ChildProcess.<anonymous> (/nix/store/axz721fxdbw4v2hp2ihd4v17ggvyz2xf-vscode-1.109.5/lib/vscode/resources/app/extensions/json-language-features/client/dist/node/jsonClientMain.js:2:606637)
	at ChildProcess.emit (node:events:519:28)
	at ChildProcess._handle.onexit (node:internal/child_process:293:12)
2026-03-14 16:05:27.513 [info] Extension host with pid 15546 exiting with code 0
