2026-03-14 14:29:24.211 [info] [main] Log level: Info
2026-03-14 14:29:24.211 [info] [main] Validating found git in: "git"
2026-03-14 14:29:24.211 [info] [main] Using git "2.53.0" from "git"
2026-03-14 14:29:24.211 [info] [Model][doInitialScan] Initial repository scan started
2026-03-14 14:29:24.211 [info] > git rev-parse --show-toplevel [9ms]
2026-03-14 14:29:24.211 [info] fatal: not a git repository (or any of the parent directories): .git
2026-03-14 14:29:24.211 [info] > git rev-parse --show-toplevel [1ms]
2026-03-14 14:29:24.211 [info] fatal: not a git repository (or any of the parent directories): .git
2026-03-14 14:29:24.211 [info] > git rev-parse --show-toplevel [2ms]
2026-03-14 14:29:24.211 [info] fatal: not a git repository (or any of the parent directories): .git
2026-03-14 14:29:24.211 [info] [Model][doInitialScan] Initial repository scan completed - repositories (0), closed repositories (0), parent repositories (0), unsafe repositories (0)
2026-03-14 14:29:24.426 [info] > git rev-parse --show-toplevel [1ms]
2026-03-14 14:29:24.426 [info] fatal: not a git repository (or any of the parent directories): .git
2026-03-14 14:29:24.605 [info] > git rev-parse --show-toplevel [2ms]
2026-03-14 14:29:24.605 [info] fatal: not a git repository (or any of the parent directories): .git
2026-03-14 14:29:25.544 [info] > git rev-parse --show-toplevel [2ms]
2026-03-14 14:29:25.544 [info] fatal: not a git repository (or any of the parent directories): .git
2026-03-14 14:29:34.253 [info] > git rev-parse --show-toplevel [2ms]
2026-03-14 14:29:34.253 [info] fatal: not a git repository (or any of the parent directories): .git
2026-03-14 14:29:35.186 [info] > git rev-parse --show-toplevel [1ms]
2026-03-14 14:29:35.186 [info] fatal: not a git repository (or any of the parent directories): .git
2026-03-14 14:29:37.243 [info] > git rev-parse --show-toplevel [2ms]
2026-03-14 14:29:37.243 [info] fatal: not a git repository (or any of the parent directories): .git
2026-03-14 14:29:43.968 [info] > git rev-parse --show-toplevel [1ms]
2026-03-14 14:29:43.968 [info] fatal: not a git repository (or any of the parent directories): .git
